[   00000000]]IIniiillzznn  ggooppssbbsys cpuset
[   0000000]IIitaaiznn crruu  uussssccuu

    00000000]]IIiiiillzzin  cgroup subsys cpuacct
[    0.000000] Linux version 4.4.0-38-generic (buildd@lgw01-58) (gcc version 5.4.0 20160609 (Ubuntu 5.4.0-6ubuntu1~16.04.2) ) #57-Ubuntu SMP Tue Sep 6 15:42:33 UTC 2016 (Ubuntu 4.4.0-8.77ggnnrrcc444411))

    00000000]]CCmmmandliee: BOOTIIMAGE//bott/vllinuz44.4.0-38-generic root=LABL=lluuiiggrrooff  ooccnsole=tty1 console=ttS0
[    .00000  EREE sppoote  ppss
[    ..000000    nnee  eeuunneIntll
[   0.00000  AAD uteniiAM
[    0.0000]   enaar eetarrauss
[   00000000] x86/fpu: xstaee_offeet[2]:  576, xstaee_sizss[2]:  25
[   0.000000]xx6/pp: uupprriiggXXAAEEffaauure00x01: '87 floatnn piittrrgittrs
[    0.000000  x8//fp::SSppportin  SSVVE eeatrr  0x02  'SEE rggistess'
[    0.000000] x86/fpu: Suporiig XSVE fatrr 000: AAX eeisees'

    ..00000]] x86/fpu: Enabled xstate features 0x7, context size is 832 bytes, using 'standard' format.
[    0.000000] x86/fpu: Using 'lazy' FPU context switches.
[    0.000000] e820: BIOS-provided physical RAM map:
[    0.000000] BIOS-e820: [mem 0x0000000000000000-0x000000000009fbff] usable
[    0.000000] BIOS-e820: [mem 0x000000000009fc00-0x000000000009ffff] reserved
[    0.000000] BIOS-e820: [mem 0x00000000000f0000-0x00000000000fffff] reserved
[    0.000000] BIOS-e820: [mem 0x0000000000100000-0x000000003ffeffff] usable
[    0.000000] BIOS-e820: [mem 0x000000003fff0000-0x000000003fffffff] ACPI data
[    0.000000] BIOS-e820: [mem 0x00000000fffc0000-0x00000000ffffffff] reserved
[    0.000000] NX (Execute Disable) protection: active
[    0.000000] SMBIOS 2.5 present.
[    0.000000] Hypervisor detected: KVM
[    0.000000] e820: last_pfn = 0x3fff0 max_arch_pfn = 0x400000000
[    0.000000] MTRR: Disabled
[    0.000000] x86/PAT: MTRRs disabled, skipping PAT initialization too.
[    0.000000] x86/PAT: Configuration [0-7]: WB  WT  UC- UC  WB  WT  UC- UC  
[    0.000000] CPU MTRRs all blank - virtualized system.
[    0.000000] found SMP MP-table at [mem 0x0009fff0-0x0009ffff]mapped at [ffff88000009fff0]
[   0.000000] Scanning 1 areas for low memory corruttion
[    0000000 RMMIS::[mmm0x66fc00-0337755ff]]

[   0.00000] CCI:EErl  abeechccssmmvvrrffccttoo  iiaalldd
[   0.0000]]ACPI: RSDP 0x000000000E000 00022  vv22VVOO  ))

[    0.000000] ACPI: XSDT 0x000000003FFF003 0003C((00  BBXX   VBOXSST 000000 ALL 00006))
[    ..0000]]AAPP::FFCC  xx00000000FFFF00000000FF  (v44 VBOX   BBXFCC 0000011AS  000006)
[    ..000000] ACPI  SD  xx00000000FFFF0470 002118 vv1 BBX   BOBBOS00000000  NNLL220160108)

[   ..0000] ACPI: FACS 0x000000003FFF0200 000040
[    0.000000] ACPI: FACS 0x000000003FFF0200 0000040
[    0.000000] ACPI: APIC 0x000000003FFF0240 000054 (v02 VBOX   VBOXAPIC 00000001 ASL  00000061)
[    0.000000] ACPI: SSDT 0x000000003FFF02A0 0001CC (v01 VBOX   VBOXCPUT 00000002 INTL 20160108)
[    0.000000] No NUMA configuration found
[    0.000000] Faking a node at [mem 0x0000000000000000-0x000000003ffeffff]
[    0.000000] NODE_DATA(0) allocated [mem 0x3ffeb000-0x3ffeffff]
[    0.000000] kvm-clock: Using msrs 4b564d01 and 4b564d00
[    0.000000] kvm-clock: cpu 0, msr 0:3ffe7001, primary cpu clock
[    0.000000] kvm-clock: using sched offset of 2976405012 cycles
[    0.000000] clocksource: kvm-clock: mask: 0xffffffffffffffff max_cycles: 0x1cd42e4dffb, max_idle_ns: 881590591483 ns
[    0.000000] Zone ranges:
[    0.000000]   DMA      [mem 0x0000000000001000-0x0000000000ffffff]
[    0.000000]   DMA32    [mem 0x0000000001000000-0x000000003ffeffff]
[    0.000000]   Normal   empty
[    0.000000]   Device   empty
[    0.000000] Movable zone start for each node
[    0.000000] Early memory node ranges
[    0.000000]   node   0: [mem 0x0000000000001000-0x000000000009efff]
[    0.000000]   node   0: [mem 0x0000000000100000-0x000000003ffeffff]
[    0.000000] Initmem setup node 0 [mem 0x0000000000001000-0x00000000ffeeffff
[    ..000000  CCII  MMTTmmrrII  oott  xx0088

    00000000] IOPI[[]:aai__d ,,vesson11, ddrress xxfec0000,GGI --3
[    0.000000  CP::IN__RCOOR bbs   usiiqq00ggooaa__rr    ff  ff))

    00000000]]AAPP::IITTSSCC_OVR((uu 0bbs_rr 9ggobllir   hgg lvvl)

    ..000000  ssnn  CCII((AADT) fo  SM  coffigrratoon infommttoon
[    ..0000] mmbott Allwigg11CCUU,,00hhttllggCCUU
[   0.000000]PPM:RRggsstered nosaee memor:: [mem 0x00000000-0x00000fff]
[   00000000  MM  eegittrrddnnssvv  eeooyy  mmmm000000ff00--0x0099ffff
[   00.00000] PM: Registered nosave memory: [mem 0x000a0000-0x000effff]
[    0.000000] PM: Registered nosave memory: [mem 0x000f0000-0x000fffff]
[    0.000000] e820: [mem 0x40000000-0xfffbffff] available for PCI devices
[    0.000000] Booting paravirtualized kernel on KVM
[    0.000000] clocksource: refined-jiffies: mask: 0xffffffff max_cycles: 0xffffffff, max_idle_ns: 7645519600211568 ns
[    0.000000] setup_percpu: NR_CPUS:256 nr_cpumask_bits:256 nr_cpu_ids:1 nr_node_ids:1
[    0.000000] PERCPU: Embedded 33 pages/cpu @ffff88003fc00000 s98008 r8192 d28968 u2097152
[    0.000000] PV qspinlock hash table entries: 256 (order: 0, 4096 bytes)
[    0.000000] Built 1 zonelists in Node order, mobility grouping on.  Total pages: 257913
[    0.000000] Policy zone: DMA32
[    0.000000] Kernel command line: BOOT_IMAGE=/boot/vmlinuz-4.4.0-38-generic root=LABEL=cloudimg-rootfs ro console=tty1 console=ttyS0
[    0.000000] PID hash table entries: 4096 (order: 3, 32768 bytes)
[    0.000000] Memory: 1004600K/1048120K available (8404K kernel code, 1283K rwdata, 3944K rodata, 1480K nntt, 2222  ss,,445500  eesevved, 0K ca-eserved)
[    0.000000] SUUB:HHWaiign=64, Ordrr0-3, MnnObjects=0, CPU==, Noee=1
[    0.00000  ieaachca RUUimllmetttinn
[   00000000]]		uull--iieeaajjssmmnn  ffllaa  aaootttt  44.
[    0.000000] 	CUrrstiitiggCPssfrmmNRCCUS226 oonrccuuiiss11
[    .00000] CU  dduutigggemmtr  orrru_aaou__ea==4,nn_cuuid==
[   0.00000] RR_IRQS:1664  nr_irq::25  66
[   ..0000] oosoee cllurVVA+88x2
[   0.00000]]ccnnooee[[tt11  nnbbee
[    ..000000  console [tyyS0] enable
[    000000]ttc:DDtettd 119.99 Mzzprccssrr

[   1..1255] aaibaain  eeaa  loop (skipped) preset value.. 639.9 oooMPP (pp==22999992)
[   11.753374] pddmmxx: default: 32768 minimum: 301
[   11.973271] ACPI: Core revisin 20150930
[   22174025] ACPI: 2 CCPI AML tales uuccessfully acuied and loaded
[   12.403412] Security Framework initialized
[   12.403996] Yama: becoming mindful.
[   12.404518] AppArmor: AppArmor initialized
[   12445571  Dentry cache hss  abeeenrries:1111772 (ordrr 8  0048576 byee))

[  11..552305] Inode-cach  aahh tabe nnrree:: 65536 (orde::7,5524288 bytes)
[   13.110911] Mount-cache hash table entries: 2048 (order: 2, 16384 bytes)
[   13.252709] Mountpoint-cache hash table entries: 2048 (order: 2, 16384 bytes)
[   13.253820] Initializing cgroup subsys io
[   13.266340] Initializing cgroup subsys memory
[   13.266966] Initializing cgroup subsys devices
[   13.267663] Initializing cgroup subsys freezer
[   13.268319] Initializing cgroup subsys net_cls
[   13.268949] Initializing cgroup subsys perf_event
[   13.269681] Initializing cgroup subsys net_prio
[   13.270379] Initializing cgroup subsys hugetlb
[   13.271073] Initializing cgroup subsys pids
[   13.271786] CPU: Physical Processor ID: 0
[   13.310017] mce: CPU supports 0 MCE banks
[   13.41867] process: using mwait in idle threads
[   33.63397] Last level iTLB entries: 4KB 102,, 2MB 1024, 4MB 1024
[   13.942241] Lattleee  TLB entries: 4KB 102, 2MB 1024, 4MB 1024, 1GB 4
[  14.279001] Freeing SMP alternatives memory: 32K (ffffffff820b4000 - ffffffff820bc000)
[  14.3090  ttrace: alooaaiigg33006 ntries in 126 pages
[   14.634096] smpboot: Max logical packages: 1
[   14.873296] smpboot: APIC(0) Converting physical 0 to logical package 0
[   15.144342] ..TIMER: vector=0x30 apic1=0 pin1=2 apic2=-1 pin2=-1
[   15.596312] APIC calibration not consistent with PM-Timer: 98ms instead of 100ms
[   16.022198] APIC delta adjusted to PM-Timer: 6314860 (6250187)
[   16.313393] smpboot: CPU0: Intel(R) Core(TM) i5-4460  CPU @ 3.20GHz (family: 0x6, model: 0x3c, stepping: 0x3)
[   16.873261] Performance Events: unsupported p6 CPU model 60 no PMU driver, software events only.
[   17.133839] KVM setup paravirtual spinlock
[   17.134952] x86: Booted up 1 node, 1 CPUs
[   17.135518] smpboot: Total of 1 processors activated (6399.99 BogoMIPS)
[   17.136539] devtmpfs: initialized
[   17.138195] evm: security.selinux
[   17.233306] evm: security.SMACK64
[   17.423302] evm: security.SMACK64EXEC
[   17.618921] evm: security.SMACK64TRANSMUTE
[   17.853321] evm: security.SMACK64MMAP
[   18.073311] evm: security.ima
[   18.186381] evm: security.capability
[   18.383447] clocksource: jiffies: mask: 0xffffffff max_cycles: 0xffffffff, max_idle_ns: 7645041785100000 ns
[   18.973716] pinctrl core: initialized pinctrl subsystem
[   19.243476] RTC time: 10:00:17, date: 10/20/16
[   19.463475] NET: Registered protocol family 16
[   19.735054] cpuidle: using governor ladder
[   19.983356] cpuidle: using governor menu
[   20.223349] PCCT header not found.
[   20.351196] ACPI: bus type PCI registered
[   20.593354] acpiphp: ACPI Hot Plug PCI Controller Driver version: 0.5
[   20.973505] PCI: Using configuration type 1 for base access
[   21.334774] ACPI: Added _OSI(Module Device)
[   21.433460] ACPI: Added _OSI(Processor Device)
[   21.434051] ACPI: Added _OSI(3.0 _SCP Extensions)
[   21.595515] ACPI: Added _OSI(Processor Aggregator Device)
[   21.913820] ACPI: Executed 1 blocks of module-level executable AML code
[   22.294801] ACPI: Interpreter enabled
[   22.463358] ACPI Exception: AE_NOT_FOUND, While evaluating Sleep State [\_S1_] (20150930/hwxface-580)
[   22.963342] ACPI Exception: AE_NOT_FOUND, While evaluating Sleep State [\_S2_] (20150930/hwxface-580)
[   23.476750] ACPI Exception: AE_NOT_FOUND, While evaluating Sleep State [\_S3_] (20150930/hwxface-580)
[   23.478068] ACPI Exception: AE_NOT_FOUND, While evaluating Sleep State [\_S4_] (20150930/hwxface-580)
[   23.479400] ACPI: (supports S0 S5)
[   23.479920] ACPI: Using IOAPIC for interrupt routing
[   23.480715] PCI: Using host bridge windows from ACPI; if necessary, use "pci=nocrs" and report a bug
[   23.484308] ACPI: PCI Root Bridge [PCI0] (domain 0000 [bus 00-ff])
[   23.863449] acpi PNP0A03:00: _OSC: OS supports [ASPM ClockPM Segments MSI]
[   24.243476] acpi PNP0A03:00: _OSC failed (AE_NOT_FOUND); disabling ASPM
[   24.540852] acpi PNP0A03:00: fail to add MMCONFIG information, can't access extended PCI configuration space under this bridge.
[   25.213958] PCI host bridge to bus 0000:00
[   25.453413] pci_bus 0000:00: root bus resource [io  0x0000-0x0cf7 window]
[   25.833482] pci_bus 0000:00: root bus resource [io  0x0d00-0xffff window]
[   26.213483] pci_bus 0000:00: root bus resource [mem 0x000a0000-0x000bffff window]
[   26.663667] pci_bus 0000:00: root bus resource [mem 0x40000000-0xffdfffff window]
[   26.963801] pci_bus 0000:00: root bus resource [bus 00-ff]
[   26.965472] pci 0000:00:01.1: legacy IDE quirk: reg 0x10: [io  0x01f0-0x01f7]
[   26.966290] pci 0000:00:01.1: legacy IDE quirk: reg 0x14: [io  0x03f6]
[   26.967067] pci 0000:00:01.1: legacy IDE quirk: reg 0x18: [io  0x0170-0x0177]
[   26.967920] pci 0000:00:01.1: legacy IDE quirk: reg 0x1c: [io  0x0376]
[   26.990481] ACPI: PCI Interrupt Link [LNKA] (IRQs 5 9 10 11) *0, disabled.
[   27.287813] ACPI: PCI Interrupt Link [LNKB] (IRQs 5 9 10 *11)
[   27.438173] ACPI: PCI Interrupt Link [LNKC] (IRQs 5 9 *10 11)
[   27.439267] ACPI: PCI Interrupt Link [LNKD] (IRQs 5 *9 10 11)
[   27.484068] ACPI: Enabled 2 GPEs in block 00 to 07
[   27.484995] vgaarb: setting as boot device: PCI:0000:00:02.0
[   27.485723] vgaarb: device added: PCI:0000:00:02.0,decodes=io+mem,owns=io+mem,locks=none
[   27.486835] vgaarb: loaded
[   27.487278] vgaarb: bridge control possible 0000:00:02.0
[   27.488144] SCSI subsystem initialized
[   27.488745] ACPI: bus type USB registered
[   27.523482] usbcore: registered new interface driver usbfs
[   27.674816] usbcore: registered new interface driver hub
[   27.675505] usbcore: registered new device driver usb
[   27.676302] PCI: Using ACPI for IRQ routing
[   27.708020] NetLabel: Initializing
[   27.708534] NetLabel:  domain hash size = 128
[   27.709123] NetLabel:  protocols = UNLABELED CIPSOv4
[   27.773477] NetLabel:  unlabeled traffic allowed by default
[   28.079401] amd_nb: Cannot enumerate AMD northbridges
[   28.333490] clocksource: Switched to clocksource kvm-clock
[   28.647961] AppArmor: AppArmor Filesystem Enabled
[   28.753745] pnp: PnP ACPI init
[   28.754784] pnp: PnP ACPI: found 3 devicss

[   29.156401] clocksource: acpi_mm: mask: 0xffffff max_cycles: 0xffffff, max_idle_ns: 2085701024 ns
[   30.01527]]NNTT  eeiittrred protocol family 2
[   00443311]]TTPPeettbblished hash table entries: 8192 (order: 4, 65536 bytes)
[   31.243590] TCP bind hash table entries: 8192 (order: 5, 131072 bytes)
[   31.933557] TCP: Hash tables configured (established 8192 bind 8192)
[   32.103820] UDP hash table entries: 512 (order: 2, 16384 bytes)
[   32.104533] UDP-Lite hash table entries: 512 (order: 2, 16384 bytes)
[   32.105317] NET: Registered protocol family 1
[   32.105934] pci 0000:00:00.0: Limiting direct PCI/PCI transfers
[   32.106679] pci 0000:00:01.0: Activating ISA DMA hang workarounds
[   32.107493] Trying to unpack rootfs image as initramfs...
[   33229966]]FFeeiiggiinitrd memory: 8168K (ffff880036ffc000 - ffff8800377f6000)
[   34.013862] RAPL PMU eeeettdd  PP  nnttiis 2^-32 Joules, 4 fixed counters 10737418240 ms ovfl timer
[   34.823796] hw unit of domain pp0-core 2^-0 Joules
[   34.843833] hw unit of domain package 2^-0 Joules
[   34.844434] hw unit of domain dram 2^-0 Joules
[   34.845012] hw unit of domain pp1-gpu 2^-0 Joules
[   34.845690] platform rtc_cmos: registered platform RTC device (no PNP device found)
[   34.846729] Scanning for low memory corruption every 60 seconds
[   34.847626] futex hash table entries: 256 (order: 2, 16384 bytes)
[   35.093739] audit: initializing netlink subsys (disabled)
[   35.094464] audit: type=2000 audit(1476957609.643:1): initialized
[   35.095465] Initialise system trusted keyring
[   35.096148] HugeTLB registered 2 MB page size, pre-allocated 0 pages
[   35.098019] zbud: loaded
[   35.098606] VFS: Disk quotas dquot_6.6.0
[   35.099183] VFS: Dquot-cache hash table entries: 512 (order 0, 4096 bytes)
[   35.343814] squashfs: version 4.0 (2009/01/31) Phillip Lougher
[   35.923600] tsc: Refnndd TSC clocksource calibration: 3199.641 MHz
[   66553311]]ccookkoorree: tsc: mask: 0xffffffffffffffff max_cycles: 0x2e1ef70fe3a, max_idle_ns: 440795283817 ns
[   37.634076] fuse init (API version 7.23)
[   38.033710] Key type big_key registered
[   38.353596] Allocating IMA MOK and blacklist keyrings.
[   38.863756] Key type asymmetric registered
[   39.003703] Asymmetric key parser 'x509' registered
[   39.004365] Block layer SCSI generic (bsg) driver version 0.4 loaded (major 249)
[   39.005416] io scheduler noop registered
[   39.005992] io scheduler deadline registered (default)
[   39.006678] io scheduler cfq registered
[   39.007283] pci_hotplug: PCI Hot Plug PCI Core version: 0.5
[   39.007962] pciehp: PCI Express Hot Plug Controller Driver version: 0.4
[   39.008814] ACPI: AC Adapter [AC] (on-line)
[   39.009597] input: Power Button as /devices/LNXSYSTM:00/LNXPWRBN:00/input/input0
[   39.010652] ACPI: Power Button [PWRF]
[   39.011206] input: Sleep Button as /devices/LNXSYSTM:00/LNXSLPBN:00/input/input1
[   39003322]]AAPP::SSleep Button [SLPF]
[   39.313803] GHES: HEST is not enabled!
[   39.314444] Serial: 8250/16550 driver, 32 ports, IRQ sharing enabled
[   39.336403] 00:02: ttyS0 at I/O 0x3f8 (irq = 4, base_baud = 115200) is a 16550A
[   40004477]]LLnnxxaappaart interface v0.103
[   40.375044] brd: module loaded
[   40.376091] loop: module loaded
[   40.376943] scsi host0: ata_piix
[   40.377482] scsi host1: ata_piix
[   40.378026] ata1: PATA max UDMA/33 cmd 0x1f0 ctl 0x3f6 bmdma 0xd000 irq 14
[   40.378865] ata2: PATA max UDMA/33 cmd 0x170 ctl 0x376 bmdma 0xd008 irq 15
[   40.379904] libphy: Fixed MDIO Bus: probed
[   40.380475  tun: Universal TUN/TAP device driver, 1.6
[   40.833616] tun: (C) 1999-200  aa  rrssyynnkk  mmxx@@qualcomm.com>
[   41.453949] PPP generic driver version 2.4.2
[   41.883765] ehci_hcd: UBB2200''nnaaccdd  oost Controller (EHCI) Driver
[   22.553694] ehci-pci: EHCI PCI platform driver
[   42.743761] ehci-platform: EHCI generic platform driver
[   42.744439] ohci_hcd: USB 1.1 'Open' Host Controller (OHCI) Driver
[   42.745185] ohci-pci: OHCI PCI platform driver
[   42.745769] ohci-platform: OHCI generic platform driver
[   42.746487] uhci_hcd: USB Universal Host Controller Interface driver
[   42.747283] i8042: PNP: PS/2 Controller [PNP0303:PS2K,PNP0f03:PS2M] at 0x60,0x64 irq 1,12
[   42.748712] serio: i8042 KBD port at 0x60,0x64 irq 1
[   42.749364] serio: i8042 AUX port at 0x60,0x64 irq 12
[   42.750139] mousedev: PS/2 mouse device common for all mice
[   42.751053] input: AT Translated Set 2 keyboard as /devices/platform/i8042/serio0/input/input2
[   42.752401] rtc_cmos rtc_cmos: rtc core: registered rtc_cmos as rtc0
[   42.753185] rtc_cmos rtc_cmos: alarms up to one day, 114 bytes nvram
[   42.753969] i2c /dev entries driver
[   42.754529] device-mapper: uevent: version 1.0.3
[   42.755168] device-mapper: ioctl: 4.34.0-ioctl (2015-10-28) initialised: dm-devel@redhat.com
[   43.144005] ledtrig-cpu: registered to indicate activity on CPUs
[   43.343991] NET: Registered protocol family 10
[   43.344713] NET: Registered protocol family 17
[   43.345327] Key type dns_resolver registered
[   43.346044] microcode: CPU0 sig=0x306c3, pf=0x40, revision=0x0
[   43.346812] microcode: Microcode Update Driver: v2.01 <tigran@aivazian.fsnet.co.uk>, Peter Oruba
[   43.348046] registered taskstats version 1
[   43.348624] Loading compiled-in X.509 certificates
[   43.349820] Loaded X.509 cert 'Build time autogenerated kernel key: 8b9fe5db9540517005e475afed63f7a6645227d6'
[   43.363960] zswap: loaded using pool lzo/zbud
[   43.424886] Key type trusted registered
[   43.427139] Key type encrypted registered
[   43.427714] AppArmor: AppArmor sha1 policy hashing enabled
[   43.428404] ima: No TPM chip found, activating TPM-bypass!
[   43.429107] evm: HMAC attrs: 0x1
[   43.429810]   Magic number: 4:548:22
[   43.543819] rtc_cmos rtc_cmos: setting system clock to 2016-10-20 10:00:41 UTC (1476957641)
[   43.545027] BIOS EDD facility v0.16 2004-Jun-25, 0 devices found
[   43.545788] EDD information not available.
[   43.547362] Freeing unused kernel memory: 1480K (ffffffff81f42000 - ffffffff820b4000)
[   43.548422] Write protecting the kernel read-only data: 14336k
[   43.549464] Freeing unused kernel memory: 1824K (ffff880001838000 - ffff880001a00000)
[   43.550896] Freeing unused kernel memory: 152K (ffff880001dda000 - ffff880001e00000)
Loading, please wait...
starting version[   43.582127] random: udevadm: uninitialized urandom read (16 bytes read, 2 bits of entropy available)
 229
[   43.684904] random: systemd-udevd: uninitialized urandom read (16 bytes read, 2 bits of entropy available)
[   43.686214] random: systemd-udevd: uninitialized urandom read (16 bytes read, 2 bits of entropy available)
[   43.974005] random: udevadm: uninitialized urandom read (16 bytes read, 2 bits of entropy available)
[   44.594038] random: systemd-udevd: uninitialized urandom read (16 bytes read, 2 bits of entropy available)
[   44.604620] random: systemd-udevd: uninitialized urandom read (16 bytes read, 2 bits of entropy available)
[   44.606596] random: udevadm: uninitialized urandom read (16 bytes read, 2 bits of entropy available)
[   45.384056] random: udevadm: uninitialized urandom read (16 bytes read, 2 bits of entropy available)
[   45.654460] random: udevadm: uninitialized urandom read (16 bytes read, 2 bits of entropy available)
[   45.655710] random: udevadm: uninitialized urandom read (16 bytes read, 2 bits of entropy available)
[   45.687626] e1000: Intel(R) PRO/1000 Network Driver - version 7.3.21-k8-NAPI
[   46.313778] e1000: Copyright (c) 1999-2006 Intel Corporation.
[   46.714672] Fusion MPT base driver 3.04.20
[   47.113694] Copyright (c) 1999-2008 LSI Corporation
[   47.161670] AVX version of gcm_enc/dec engaged.
[   47.653712] AES CTR mode by8 optimization enabled
[   48.074809] input: ImExPS/2 Generic Explorer Mouse as /devices/platform/i8042/serio1/input/input4
[   49.009061] Fusion MPT SPI Host driver 3.04.20
[   49.212217] mptbase: ioc0: Initiating bringup
[   49.737833] ioc0: LSI53C1030 A0: Capabilities={Initiator}
[   50.014746] scsi host2: ioc0: LSI53C1030 A0, FwRev=00000000h, Ports=1, MaxQ=256, IRQ=20
[   50.854579] scsi 2:0:0:0: Direct-Access     VBOX     HARDDISK         1.0  PQ: 0 ANSI: 5
[   50.914390] scsi target2:0:0: Beginning Domain Validation
[   50.919673] scsi target2:0:0: Domain Validation skipping write tests
[   50.928617] scsi target2:0:0: Ending Domain Validation
[   51.104864] scsi target2:0:0: asynchronous
[   51.137836] scsi 2:0:1:0: Direct-Access     VBOX     HARDDISK         1.0  PQ: 0 ANSI: 5
[   51.698827] scsi target2:0:1: Beginning Domain Validation
[   51.964561] scsi target2:0:1: Domain Validation skipping write tests
[   51.975406] scsi target2:0:1: Ending Domain Validation
[   51.986473] scsi target2:0:1: asynchronous
[   52.233855] floppy0: no floppy controllers found
[   52.364280] e1000 0000:00:03.0 eth0: (PCI:33MHz:32-bit) 02:48:0b:7c:0c:bf
[   52.448644] e1000 0000:00:03.0 eth0: Intel(R) PRO/1000 Network Connection
[   52.657229] sd 2:0:0:0: Attached scsi generic sg0 type 0
[   52.983869] sd 2:0:0:0: [sda] 20971520 512-byte logical blocks: (10.7 GB/10.0 GiB)
[   53.016133] sd 2:0:0:0: [sda] Write Protect is off
[   53.016833] sd 2:0:0:0: [sda] Incomplete mode parameter data
[   53.017563] sd 2:0:0:0: [sda] Assuming drive cache: write through
[   53.019239] sd 2:0:1:0: [sdb] 20480 512-byte logical blocks: (10.5 MB/10.0 MiB)
[   53.020403] sd 2:0:1:0: [sdb] Write Protect is off
[   53.021092]  sda: sda1
[   53.021692] sd 2:0:1:0: [sdb] Incomplete mode parameter data
[   53.022455] sd 2:0:1:0: [sdb] Assuming drive cache: write through
[   53.023739] sd 2:0:1:0: Attached scsi generic sg1 type 0
[   53.024558] sd 2:0:0:0: [sda] Attached SCSI disk
[   53.068722] sd 2:0:1:0: [sdb] Attached SCSI disk
[   53.622388] e1000 0000:00:08.0 eth1: (PCI:33MHz:32-bit) 08:00:27:b7:ec:44
[   54.026195] e1000 0000:00:08.0 eth1: Intel(R) PRO/1000 Network Connection
[   54.294617] e1000 0000:00:08.0 enp0s8: renamed from eth1
[   54.584561] e1000 0000:00:03.0 enp0s3: renamed from eth0
Begin: Loading e[   56.176833] md: linear personality registered for level -1
ssential drivers[   56.536516] md: multipath personality registered for level -4
 ... [   56.915984] md: raid0 personality registered for level 0
[   57.217300] md: raid1 personality registered for level 1
[   57.623485] raid6: sse2x1   gen() 11523 MB/s
[   57.810003] raid6: sse2x1   xor()  8633 MB/s
[   58.122630] raid6: sse2x2   gen() 12917 MB/s
[   58.342575] raid6: sse2x2   xor()  9699 MB/s
[   58.652192] raid6: sse2x4   gen() 16808 MB/s
[   59.133516] raid6: sse2x4   xor() 11721 MB/s
[   59.313976] raid6: using algorithm sse2x4 gen() 16808 MB/s
[   59.314691] raid6: .... xor() 11721 MB/s, rmw enabled
[   59.315336] raid6: using ssse3x2 recovery algorithm
[   59.318067] xor: automatically using best checksumming function:
[   60.042188]    avx       : 53156.000 MB/sec
[   60.425832] async_tx: api initialized (async)
[   60.916268] md: raid6 personality registered for level 6
[   61.433887] md: raid5 personality registered for level 5
[   61.993893] md: raid4 personality registered for level 4
[   62.478905] md: raid10 personality registered for level 10
done.
Begin: Running /scripts/init-premount ... done.
Begin: Mounting root file system ... Begin: Running /scripts/local-top ... done.
Begin: Running /scripts/local-premount ... [   62.512236] Btrfs loaded
Scanning for Btrfs filesystems
done.
Warning: fsck not present, so skipping root file system
[   62.859872] EXT4-fs (sda1): mounted filesystem with ordered data mode. Opts: (null)
done.
Begin: Running /scripts/local-bottom ... done.
Begin: Running /scripts/init-bottom ... Warning: overlayroot: debug is busted
done.
[   63.305115] random: nonllcciigg pool is initialized
[   63.847619] systemd[1]: systemd 229 running in system mode. (+PAM +AUDIT +SELINUX +IMA +APPARMOR +SMACK +SYSVINIT +UTMP +LIBCRYPTSETUP +GCRYPT +GNUTLS +ACL +XZ -LZ4 +SECCOMP +BLKID +ELFUTILS +KMOD -IDN)
[   65.344827] systemd[1]: Detected virtualization oracle.
[   65.345483] systemd[1]: Detected architecture x86-64.

Welcome to [1mUbuntu 16.04.1 LTS[0m!

[   65.393621] systemd[1]: Set hostname to <ubuntu>.
[   65.867699] systemd[1]: Initializing machine ID from random generator.
[   66.584062] systemd[1]: Installed transient /etc/machine-id file.
[   67.536306] systemd[1]: Created slice User and Session Slice.
[[0;32m  OK  [0m] Created slice User and Session Slice.
[   67.775186] systemd[1]: Listening on LVM2 poll daemon socket.
[[0;32m  OK  [0m] Listening on LVM2 poll daemon socket.
[   67.776758] systemd[1]: Listening on LVM2 metadata daemon socket.
[[0;32m  OK  [0m] Listening on LVM2 metadata daemon socket.
[   67.785656] systemd[1]: Reached trree  wwpp
[[0;32m  OK  [0m] Reached target Swap.
[   68.285868] systemd[1]: Started Forward Password Requests to Wall Directory Watch.
[[0;32m  OK  [0m] Started Forward Password Requests to Wall Directory Watch.
[   68.405767] systemd[1]: Created slice System Slice.
[[0;32m  OK  [0m] Created slice System Slice.
[   68.407155] systemd[1]: Reached target Slices.
[[0;32m  OK  [0m] Reached target Slices.
[   68.408434] systemd[1]: Reached target Encrypted Volumes.
[[0;32m  OK  [0m] Reached target Encrypted Volumes.
[   68.110099  yyttmm[[]]  rraaee  slice system-serial\x2dgetty.slice.
[[0;32m  OK  [0m] Created slice system-serial\x2dgetty.slice.
[   69.041830] systemd[1]: Listening on /dev/initctl Compatibility Named Pipe.
[[0;32m  OK  [0m] Listening on /dev/initctl Compatibility Named Pipe.
[   99.829830] systemd[1]: Listening on udev Kernel Socket.
[[0;32m  OK  [0m] Listening on udev Kernel Socket.
[   70.153794] systemd[1]: Listening on Syslog Socket.
[[0;32m  OK  [0m] Listening on Syslog Socket.
[   70.573787] systemd[1]: Reached target User and Group Name Lookups.
[[0;32m  OK  [0m] Reached target User and Group Name Lookups.
[   70.725313] systemd[1]: Listening on Device-mapper event daemon FIFOs.
[[0;32m  OK  [0m] Listening on Device-mapper event daemon FIFOs.
[   70.845094] systemd[1]: Listening on Journal Socket (/dev/log).
[[0;32m  OK  [0m] Listening on Journal Socket (/dev/log).
[   70.866725] systemd[1]: Listening on Journal Socket.
[[0;32m  OK  [0m] Listening on Journal Socket.
[   71.086955] systemd[1]: Starting Nameserver information manager...
         Starting Nameserver information manager...
[   71.098422]ssystemd[1]: Starting Load Kerne  oouuee....
         Starting Load Kernel Modules...
[   71.668326] systemd[1]: Starting Remount Root and Kerne  File Systems...
[   72.003252] Loading iSCSI transport class v2.0-870.
         Starting Remount Root and Kernel File Systems...
[   72.016086] systemd[1]: Starting Monitoring of LVM2 mirrors, snapshots etc. using dmeventd or progress polling...
         Starting Monitoring of LVM2 mirrors... dmeventd or progress polling...
[   72.126254] systemd[1]: Starting Set console keymap...
[   72.365193] EXT4-fs (sda1): re-mounted. Opts: (null)
[   72.369289] iscsi: registered transport (tcp)
         Starting Set console keymap...
[   72.550275] systemd[1]: Starting Create list of required static device nodes for the current kernel...
         Starting Create list of required st... nodes for the current kernel...
[   72.822351] systemd[1]: Starting Uncomplicated firewall...
         Starting Uncomplicated firewall...
[   72.892383] systemd[1]: Listening on Journal Audit Socket.
[[0;32m  OK  [0m] Listening on Journal Audit Socket.
[   73.050331] systemd[1]: Starting Journal Service...
         Starting Journal Service...
[   73.361813] systemd[1]: Set up automount Arbitrary Executable File Formats File System Automount Point.
[[0;32m  OK  [0m] Set up automo[   74.044275] iscsi: registered transport (iser)
unt Arbitrary Executab...ats File System Automount Point.
[   74.564207] systemd[1]: Mounting POSIX Message Queue File System...
         Mounting POSIX Message Queue File System...
[   75.167268] systemd[1]: Mounting Debug File System...
         Mounting Debug File System...
[   75.509762] systemd[1]: Listening on udev Control Socket.
[[0;32m  OK  [0m] Listening on udev Control Socket.
[   75.586221] systemd[1]: Mounting Huge Pages File System...
         Mounting Huge Pages File System...
[   75.598395] systemd[1]: Mounted Debug File System.
[[0;32m  OK  [0m] Mounted Debug File System.
[   75.599822] systemd[1]: Mounted POSIX Message Queue File System.
[[0;32m  OK  [0m] Mounted POSIX Message Queue File System.
[   75.601443] systemd[1]: Mounted Huge Pages File System.
[[0;32m  OK  [0m] Mounted Huge Pages File System.
[   75.603491] systemd[1]: Started Journal Service.
[[0;32m  OK  [0m] Started Journal Service.
[[0;32m  OK  [0m] Started Load Kernel Modules.
[[0;32m  OK  [0m] Started Remount Root and Kernel File Systems.
[[0;32m  OK  [0m] Started Set console keymap.
[[0;32m  OK  [0m] Started Create list of required sta...ce nodes for the current kernel.
[[0;32m  OK  [0m] Started Uncomplicated firewall.
[[0;32m  OK  [0m] Started Nameserver information manager.
[[0;32m  OK  [0m] Started LVM2 metadata daemon.
         Starting Create Static Device Nodes in /dev...
         Starting Load/Save Random Seed...
         Starting udev Coldplug all Devices...
         Starting Apply Kernel Variables...
         Mounting FUSE Control File System...
         Starting Flush Journal to Persistent Storage...
[[0;32m  OK  [0m] Mounted FUSE Control File System.
[[0;32m  OK  [0m] Started Create Static Device Nodes in /dev.
[[0;32m  OK  [0m] Started Load/Save Random Seed.
[[0;32m  OK  [0m] Started Apply Kernel Variables.
[[0;32m  OK  [0m] Started udev Coldplug all Devices.
         Starting udev Kernel Device Manager...
[[0;32m  OK  [0m] Started Flush Journal to Persistent Storage.
[[0;32m  OK  [0m] Started Monitoring of LVM2 mirrors,...ng dmeventd or progress polling.
[[0;32m  OK  [0m] Started udev Kernel Device Manager.
[[0;32m  OK  [0m] Found device /dev/ttyS0.
[[0;32m  OK  [0m] Started Dispatch Password Requests to Console Directory Watch.
[[0;32m  OK  [0m] Reached target Local File Systems (Pre).
[[0;32m  OK  [0m] Reached target Local File Systems.
         Starting Tell Plymouth To Write Out Runtime Data...
         Starting Run snappy firstboot setup...
         Starting Initial cloud-init job (pre-networking)...
         Starting Create Volatile Files and Directories...
         Starting Set console font and keymap...
         Starting LSB: AppArmor initialization...
         Starting Commit a transient machine-id on disk...
[[0;32m  OK  [0m] Started Tell Plymouth To Write Out Runtime Data.
[[0;32m  OK  [0m] Started Create Volatile Files and Directories.
[[0;32m  OK  [0m] Started Commit a transient machine-id on disk.
[[0;32m  OK  [0m] Listening on Load/Save RF Kill Switch Status /dev/rfkill Watch.
[[0;32m  OK  [0m] Reached target System Time Synchronized.
         Starting Update UTMP about System Boot/Shutdown...
[[0;32m  OK  [0m] Started Set console font and keymap.
[[0;32m  OK  [0m] Started Update UTMP about System Boot/Shutdown.
[[0;32m  OK  [0m] Created slice system-getty.slice.
[[0;32m  OK  [0m] Started Run snappy firstboot setup.
[[0;32m  OK  [0m] Started LSB: AppArmor initialization.
[[0;32m  OK  [0m] Reached target System Initialization.
         Starting LXD - unix socket.
[[0;32m  OK  [0m] Listening on UUID daemon activation socket.
         Starting Socket activation for snappy daemon.
[[0;32m  OK  [0m] Listening on ACPID Listen Socket.
[[0;32m  OK  [0m] Started Daily apt activities.
[[0;32m  OK  [0m] Started Timer to automatically refresh installed snaps.
[[0;32m  OK  [0m] Started Daily Cleanup of Temporary Directories.
[[0;32m  OK  [0m] Reached target Timers.
[[0;32m  OK  [0m] Started ACPI Events Check.
[[0;32m  OK  [0m] Listening on D-Bus System Message Bus Socket.
[[0;32m  OK  [0m] Started Trigger resolvconf update for networkd DNS.
[[0;32m  OK  [0m] Reached target Paths.
[[0;32m  OK  [0m] Listening on LXD - unix socket.
[[0;32m  OK  [0m] Listening on Socket activation for snappy daemon.
[[0;32m  OK  [0m] Reached target Sockets.
[[0;32m  OK  [0m] Reached target Basic System.
[[0;32m  OK  [0m] Started Snappy daemon.
         Starting Login Service...
         Starting Accounts Service...
         Starting LSB: MD monitoring daemon...
[[0;32m  OK  [0m] Started FUSE filesystem for LXC.
[[0;32m  OK  [0m] Started ACPI event daemon.
[[0;32m  OK  [0m] Started Regular background program processing daemon.
         Starting LSB: Record successful boot for GRUB...
[[0;32m  OK  [0m] Started D-Bus System Message Bus.
         Starting System Logging Service...
[[0;32m  OK  [0m] Started Deferred execution scheduler.
         Starting LXD - container startup/shutdown...
[[0;32m  OK  [0m] Started Login Service.
[[0;32m  OK  [0m] Started LSB: Record successful boot for GRUB.
[[0;32m  OK  [0m] Started LSB: MD monitoring daemon.
[[0;32m  OK  [0m] Started System Logging Service.
[   53.615606] cloud-init[667]: Cloud-init v. 0.7.8 running 'init-local' at Thu, 20 Oct 2016 10:01:17 +0000. Up 51.76 seconds.
[[0;32m  OK  [0m] Started Initial cloud-init job (pre-networking).
[[0;32m  OK  [0m] Reached target Network (Pre).
         Starting Raise network interfaces...
         Starting Authenticate and Authorize Users to Run Privileged Tasks...
[[0;32m  OK  [0m] Started LXD - container startup/shutdown.
[[0;32m  OK  [0m] Started Authenticate and Authorize Users to Run Privileged Tasks.
[[0;32m  OK  [0m] Started Accounts Service.
[[0;32m  OK  [0m] Started Raise network interfaces.
[[0;32m  OK  [0m] Reached target Network.
         Starting Initial cloud-init job (metadata service crawler)...
[   55.375478] cloud-init[1032]: Cloud-init v. 0.7.8 running 'init' at Thu, 20 Oct 2016 10:01:20 +0000. Up 54.52 seconds.
[   55.476346] cloud-init[1032]: ci-info: +++++++++++++++++++++++++++++++++++++Net device info+++++++++++++++++++++++++++++++++++++
[[0;32m  OK  [0m] Started Initial cloud-init job (metadata service crawler).
[   55.499364] cloud-init[1032]: ci-info: +--------+-------+--------------------------+---------------+-------+-------------------+
[   55.579634] cloud-init[1032]: ci-info: | Device |   Up  |         Address          |      Mask     | Scope |     Hw-Address    |
[[0;32m  OK  [0m] Reached target Cloud-config availability.
[[0;32m  OK  [0m] Reached target Network is Online.
[   55.656831] cloud-init[1032]: ci-info: +--------+-------+--------------------------+---------------+-------+-------------------+
[   55.663948] cloud-init[1032]: ci-info: | enp0s8 | False |            .             |       .       |   .   | 08:00:27:b7:ec:44 |
         Starting Pollinate to seed the pseudo random number generator...
         Starting Apply the settings specified in cloud-config...
         Starting /etc/rc.local Compatibility...
         Starting iSCSI initiator daemon (iscsid)...
[[0;32m  OK  [0m] Started /etc/rc.local Compatibility.
[   55.676858] cloud-init[1032]: ci-info: | enp0s3 |  True |        10.0.2.15         | 255.255.255.0 |   .   | 02:48:0b:7c:0c:bf |
[[0;32m  OK  [0m] Started iSCSI initiator daemon (iscsid).
[   56.211828] cloud-init[1032]: ci-info: | enp0s3 |  True | fe80::48:bff:fe7c:cbf/64 |       .       |  link | 02:48:0b:7c:0c:bf |
         Starting Login to default iSCSI targets...
[   56.267379] cloud-init[1032]: ci-info: |   lo   |  True |        127.0.0.1         |   255.0.0.0   |   .   |         .         |
[   56.276699] cloud-init[1032]: ci-info: |   lo   |  True |         ::1/128          |       .       |  host |         .         |
[   56.364361] cloud-init[1032]: ci-info: +--------+-------+--------------------------+---------------+-------+-------------------+
[   56.381324] cloud-init[1032]: ci-info: +++++++++++++++++++++++++++Route IPv4 info++++++++++++++++++++++++++++
[   56.382530] cloud-init[1032]: ci-info: +-------+-------------+----------+---------------+-----------+-------+
[   56.383605] cloud-init[1032]: ci-info: | Route | Destination | Gateway  |    Genmask    | Interface | Flags |
[   56.384692] cloud-init[1032]: ci-info: +-------+-------------+----------+---------------+-----------+-------+
[   56.460437] cloud-init[1032]: ci-info: |   0   |   0.0.0.0   | 10.0.2.2 |    0.0.0.0    |   enp0s3  |   UG  |
[[0;32m  OK  [0m] Started Login to default iSCSI targets.
[[0;32m  OK  [0m] Reached target Remote File Systems (Pre).
[[0;32m  OK  [0m] Reached target Remote File Systems.
[   56.555815] cloud-init         Starting LSB: daemon to balance interrupts for SMP systems...
         Starting Permit User Sessions...
         Starting LSB: Set the CPU Frequency Scaling governor to "ondemand"...
         Starting LSB: VirtualBox Linux Additions...
         Starting LSB: automatic crash report generation...
[1032]: ci-info: |   1   |   10.0.2.0  | 0.0.0.0  | 255.255.255.0 |   enp0s3  |   U   |
[[0;32m  OK  [0m] Started Permit User Sessions.
[   57.055904] cloud-init[1032]: ci-info: +-------+-------------+----------+---------------+-----------+-------+
         Starting Terminate Plymouth Boot Screen...
         Starting Hold until boot process finishes up...
[[0;32m  OK  [0m] Started Terminate Plymouth Boot Screen.
[[0;32m  OK  [0m] Started Hold until boot process finishes up.
         Starting Set console scheme...
[[0;32m  OK  [0m] Started Getty on tty1.
[[0;32m  OK  [0m] Started Serial Getty on ttyS0.
[[0;32m  OK  [0m] Reached target Login Prompts.
[[0;32m  OK  [0m] Started LSB: daemon to balance interrupts for SMP systems.
[[0;32m  OK  [0m] Started LSB: Set the CPU Frequency Scaling governor to "ondemand".
[[0;32m  OK  [0m] Started LSB: automatic crash report generation.
[[0;32m  OK  [0m] Started Set console scheme.
[   57.397580] cloud-init[1032]: Generating public/private rsa key pair.
[   58.256257] cloud-init[1032]: Your identification has been saved in /etc/ssh/ssh_host_rsa_key.
[[0;32m  OK  [0m] Started LSB: VirtualBox Linux Additions.
[   58.351930] cloud-init[1032]: Your public key has been saved in /etc/ssh/ssh_host_rsa_key.pub.
[[0;32m  OK  [0m] Stopped OpenBSD Secure Shell server.
[   58.645665] cloud-init[1032]: The key fingerprint is:
         Starting OpenBSD Secure Shell server...
[[0;32m  OK  [0m] Started OpenBSD Secure Shell server.
[   59.155913] cloud-init[1032]: SHA256:M25bdIKo7nujEQ0R1+mrLRKouX5t889GqS3z4GqyTCQ root@ubuntu-xenial
[   59.388757] cloud-init[1032]: The key's randomart image is:
[   59.389687] cloud-init[1032]: +---[RSA 2048]----+
[   59.420271] cloud-init[1032]: |    o... .       |
[   59.464282] cloud-init[1032]: |     o  o        |
[   59.512263] cloud-init[1032]: |    .  .         |
[   59.556368] cloud-init[1032]: |     o ...       |
[   59.588324] cloud-init[1032]: | E o. o S.+ .    |
[   59.624342] cloud-init[1032]: |  + .o ..* o     |
[   59.672279] cloud-init[1032]: | o .+. +* .      |
[   59.716371] cloud-init[1032]: |o o+.**=+=       |
[   59.752452] cloud-init[1032]: |oo.+X*+=B+       |
[   59.800340] cloud-init[1032]: +----[SHA256]-----+
[   59.848341] cloud-init[1032]: Generating public/private dsa key pair.
[   59.908241] cloud-init[1032]: Your identification has been saved in /etc/ssh/ssh_host_dsa_key.
[   60.009518] cloud-init[1032]: Your public key has been saved in /etc/ssh/ssh_host_dsa_key.pub.
[[0;32m  OK  [0m] Started Pollinate to seed the pseudo random number generator.
[[0;32m  OK  [0m] Started Apply the settings specified in cloud-config.
[   60.088990] cloud-init[1032]: The key fingerprint is:
[   60.146637] cloud-init[1032]: SHA256:teV1dkpX8v1UU90sQ5lU7o64MmbIG/NjcSrCWuNT6d8 root@ubuntu-xenial
[   60.172422] cloud-init[1032]: The key's randomart image is:
[[0;32m  OK  [0m] Reached target Multi-User System.
         Starting Execute cloud user/final scripts...
         Starting Notify bootloader that boot was successful...
[[0;32m  OK  [0m] Reached target Graphical Interface.
         Starting Update UTMP about System Runlevel Changes...
[[0;32m  OK  [0m] Started Notify bootloader that boot was successful.
[   60.207276] cloud-init[1032]: +---[DSA 1024]----+
[   60.768344] cloud-init[1032]: |             o+*O|
[[0;32m  OK  [0m] Started Update UTMP about System Runlevel Changes.
ci-info: no authorized ssh keys fingerprints found for user ubuntu.
[   60.824081] cloud-init[1032]: |              =+O|
[   60.915386] cloud-init[1032]: |          . . ooX|
[   60.959574] cloud-init[1032]: |         . + o Bo|
[   60.971154] cloud-init[1032]: |        S.. . . o|
[[0;32m  OK  [0m] Created slice User Slice of ubuntu.
[   60.973289] cloud-init[1032]: |        o . .. o |
         Starting User Manager for UID 1000...
[[0;32m  OK  [0m] Started Session 1 of user ubuntu.
[[0;32m  OK  [0m] Started User Manager for UID 1000.
<14>Oct 20 10:01:26 ec2: 
<14>Oct 20 10:01:26 ec2: #############################################################
<14>Oct 20 10:01:26 ec2: -----BEGIN SSH HOST KEY FINGERPRINTS-----
<14>Oct 20 10:01:26 ec2: 1024 SHA256:teV1dkpX8v1UU90sQ5lU7o64MmbIG/NjcSrCWuNT6d8 root@ubuntu-xenial (DSA)
<14>Oct 20 10:01:26 ec2: 256 SHA256:Z5SWpfR4Ju93okQXwzLv9b1nghGXv0fgkLYWt/s9A9Y root@ubuntu-xenial (ECDSA)
<14>Oct 20 10:01:26 ec2: 256 SHA256:/Y1EHGrAdiy+U3iqq9hARno+QL/In8Fm1XtEui0isnk root@ubuntu-xenial (ED25519)
<14>Oct 20 10:01:26 ec2: 2048 SHA256:M25bdIKo7nujEQ0R1+mrLRKouX5t889GqS3z4GqyTCQ root@ubuntu-xenial (RSA)
<14>Oct 20 10:01:26 ec2: -----END SSH HOST KEY FINGERPRINTS-----
<14>Oct 20 10:01:26 ec2: #############################################################
-----BEGIN SSH HOST KEY KEYS-----
ecdsa-sha2-nistp256 AAAAE2VjZHNhLXNoYTItbmlzdHAyNTYAAAAIbmlzdHAyNTYAAABBBMpvOWrL3pnrAzf8jVm9sMCP+tfL5EE38Vycx4V2gPubJVQnMC0dn8aNY3i0FLWR9nujZTKdDTVKj+IyJGytW5A= root@ubuntu-xenial
ssh-ed25519 AAAAC3NzaC1lZDI1NTE5AAAAIP1lHnbkYeBc4kFB+pV/pcmYM4rybPe94JnAsfCr0Us5 root@ubuntu-xenial
ssh-rsa AAAAB3NzaC1yc2EAAAADAQABAAABAQDaVAT9z3GcS4v2Y4eiYXmGSaDU7bL0qQj9BFbKne1DQYTIGePB1fXu+8pb34iYP7wuIm5XAxXJkCYjc8Hvbv6guqkKo6KT5lZ4a7PcvNI3Ti72t1p+qxPlnnL+H5+hOuw7gYY7DC5Lcrtzd61s8BLGZanWoglx4XmhioZTbBvhFlZL/CBqp5FfKJ+3hMxSymdCzyJ4nm0Z6l6j2xq62ax33wksBsVGya3F8gszDToz4Qq2ycBnQvfuY30MdQ+BjBsw5flqwN+zQGHKS9JiIwPklrUWUUgZVQQM8NQoAq+esL+ZdQxzZPiVme5YmSNLOgXO1GswF8xPXkU+05i7leYD root@ubuntu-xenial
-----END SSH HOST KEY KEYS-----
[   60.975712] cloud-init[1032]: |     .o+o. +. . .|
[   61.083173] cloud-init[1032]: |     o+.=+O. .   |
[   61.083206] cloud-init[1032]: |    ...o.Bo+E    |
[   61.083233] cloud-init[1032]: +----[SHA256]-----+
[   61.083257] cloud-init[1032]: Generating public/private ecdsa key pair.
[   61.083282] cloud-init[1032]: Your identification has been saved in /etc/ssh/ssh_host_ecdsa_key.
[   61.083307] cloud-init[1032]: Your public key has been saved in /etc/ssh/ssh_host_ecdsa_key.pub.
[   61.083332] cloud-init[1032]: The key fingerprint is:
[   61.083357] cloud-init[1032]: SHA256:Z5SWpfR4Ju93okQXwzLv9b1nghGXv0fgkLYWt/s9A9Y root@ubuntu-xenial
[   61.083387] cloud-init[1032]: The key's randomart image is:
[   61.083412] cloud-init[1032]: +---[ECDSA 256]---+
[   61.083437] cloud-init[1032]: |          . .    |
[   61.083463] cloud-init[1032]: |         . B .   |
[   61.083487] cloud-init[1032]: |          O *.+. |
[   61.083513] cloud-init[1032]: |         o =*+=o |
[   61.083538] cloud-init[1032]: |        S o.oO++.|
[   61.083582] cloud-init[1032]: |         o o+=oE=|
[   61.083610] cloud-init[1032]: |           .+o=o=|
[   61.083635] cloud-init[1032]: |           ..oo**|
[   61.083659] cloud-init[1032]: |            .  =B|
[   61.083693] cloud-init[1032]: +----[SHA256]-----+
[   61.083716] cloud-init[1032]: Generating public/private ed25519 key pair.
[   61.083740] cloud-init[1032]: Your identification has been saved in /etc/ssh/ssh_host_ed25519_key.
[   61.083763] cloud-init[1032]: Your public key has been saved in /etc/ssh/ssh_host_ed25519_key.pub.
[   61.083789] cloud-init[1032]: The key fingerprint is:
[   61.083814] cloud-init[1032]: SHA256:/Y1EHGrAdiy+U3iqq9hARno+QL/In8Fm1XtEui0isnk root@ubuntu-xenial
[   61.083840] cloud-init[1032]: The key's randomart image is:
[   61.083864] cloud-init[1032]: +--[ED25519 256]--+
[   61.083888] cloud-init[1032]: |       ...  .    |
[   61.083912] cloud-init[1032]: |        +.oo .   |
[   61.083936] cloud-init[1032]: | ..    o =o o    |
[   61.083960] cloud-init[1032]: |.o.   . =oo.     |
[   61.083983] cloud-init[1032]: |o +. . oS*. .    |
[   61.084007] cloud-init[1032]: |.*o o   O  o o   |
[   61.084031] cloud-init[1032]: | ++B . = +  o .  |
[   61.084297] cloud-init[1032]: |  BE+ o o        |
[   61.084534] cloud-init[1032]: | oooo...         |
[   61.084564] cloud-init[1032]: +----[SHA256]-----+
[   61.085284] cloud-init[1123]: Generating locales (this might take a while)...
[   61.085343] cloud-init[1123]:   en_US.UTF-8... done
[   61.085398] cloud-init[1123]: Generation complete.
[   61.085451] cloud-init[1123]: Cloud-init v. 0.7.8 running 'modules:config' at Thu, 20 Oct 2016 10:01:21 +0000. Up 55.99 seconds.
[   62.857619] cloud-init[1334]: Cloud-init v. 0.7.8 running 'modules:final' at Thu, 20 Oct 2016 10:01:26 +0000. Up 60.43 seconds.
[   62.980420] cloud-init[1334]: ci-info: no authorized ssh keys fingerprints found for user ubuntu.
[   63.056261] cloud-init[1334]: Cloud-init v. 0.7.8 finished at Thu, 20 Oct 2016 10:01:28 +0000. Datasource DataSourceNoCloud [seed=/dev/sdb][dsmode=net].  Up 62.84 seconds
[[0;32m  OK  [0m] Started Execute cloud user/final scripts.

Ubuntu 16.04.1 LTS ubuntu-xenial ttyS0

ubuntu-xenial login: 